[35m[1mConsolidate compiler generated dependencies of target stereo-inertial[0m
[ 28%] Built target stereo
[ 71%] Built target rgbd
[ 71%] Built target mono
[ 78%] [32mBuilding CXX object CMakeFiles/stereo-inertial.dir/src/stereo-inertial/stereo-inertial-node.cpp.o[0m
[ 85%] [32m[1mLinking CXX executable stereo-inertial[0m
[100%] Built target stereo-inertial
-- Install configuration: "RelWithDebInfo"
-- Execute custom install script
-- Symlinking: /home/yechan/orb_slam3_ros2/src/orb_slam3_ros2/install/orbslam3/lib/orbslam3/mono
-- Symlinking: /home/yechan/orb_slam3_ros2/src/orb_slam3_ros2/install/orbslam3/lib/orbslam3/rgbd
-- Symlinking: /home/yechan/orb_slam3_ros2/src/orb_slam3_ros2/install/orbslam3/lib/orbslam3/stereo
-- Symlinking: /home/yechan/orb_slam3_ros2/src/orb_slam3_ros2/install/orbslam3/lib/orbslam3/stereo-inertial
-- Symlinking: /home/yechan/orb_slam3_ros2/src/orb_slam3_ros2/install/orbslam3/share/orbslam3//config/ekf.yaml
-- Symlinking: /home/yechan/orb_slam3_ros2/src/orb_slam3_ros2/install/orbslam3/share/orbslam3//config/imu_filter.yaml
-- Symlinking: /home/yechan/orb_slam3_ros2/src/orb_slam3_ros2/install/orbslam3/share/orbslam3//config/monocular-inertial/EuRoC.yaml
-- Symlinking: /home/yechan/orb_slam3_ros2/src/orb_slam3_ros2/install/orbslam3/share/orbslam3//config/monocular-inertial/EuRoC_IMU/MH01.txt
-- Symlinking: /home/yechan/orb_slam3_ros2/src/orb_slam3_ros2/install/orbslam3/share/orbslam3//config/monocular-inertial/EuRoC_IMU/MH02.txt
-- Symlinking: /home/yechan/orb_slam3_ros2/src/orb_slam3_ros2/install/orbslam3/share/orbslam3//config/monocular-inertial/EuRoC_IMU/MH03.txt
-- Symlinking: /home/yechan/orb_slam3_ros2/src/orb_slam3_ros2/install/orbslam3/share/orbslam3//config/monocular-inertial/EuRoC_IMU/MH04.txt
-- Symlinking: /home/yechan/orb_slam3_ros2/src/orb_slam3_ros2/install/orbslam3/share/orbslam3//config/monocular-inertial/EuRoC_IMU/MH05.txt
-- Symlinking: /home/yechan/orb_slam3_ros2/src/orb_slam3_ros2/install/orbslam3/share/orbslam3//config/monocular-inertial/EuRoC_IMU/V101.txt
-- Symlinking: /home/yechan/orb_slam3_ros2/src/orb_slam3_ros2/install/orbslam3/share/orbslam3//config/monocular-inertial/EuRoC_IMU/V102.txt
-- Symlinking: /home/yechan/orb_slam3_ros2/src/orb_slam3_ros2/install/orbslam3/share/orbslam3//config/monocular-inertial/EuRoC_IMU/V103.txt
-- Symlinking: /home/yechan/orb_slam3_ros2/src/orb_slam3_ros2/install/orbslam3/share/orbslam3//config/monocular-inertial/EuRoC_IMU/V201.txt
-- Symlinking: /home/yechan/orb_slam3_ros2/src/orb_slam3_ros2/install/orbslam3/share/orbslam3//config/monocular-inertial/EuRoC_IMU/V202.txt
-- Symlinking: /home/yechan/orb_slam3_ros2/src/orb_slam3_ros2/install/orbslam3/share/orbslam3//config/monocular-inertial/EuRoC_IMU/V203.txt
-- Symlinking: /home/yechan/orb_slam3_ros2/src/orb_slam3_ros2/install/orbslam3/share/orbslam3//config/monocular-inertial/EuRoC_TimeStamps/MH01.txt
-- Symlinking: /home/yechan/orb_slam3_ros2/src/orb_slam3_ros2/install/orbslam3/share/orbslam3//config/monocular-inertial/EuRoC_TimeStamps/MH02.txt
-- Symlinking: /home/yechan/orb_slam3_ros2/src/orb_slam3_ros2/install/orbslam3/share/orbslam3//config/monocular-inertial/EuRoC_TimeStamps/MH03.txt
-- Symlinking: /home/yechan/orb_slam3_ros2/src/orb_slam3_ros2/install/orbslam3/share/orbslam3//config/monocular-inertial/EuRoC_TimeStamps/MH04.txt
-- Symlinking: /home/yechan/orb_slam3_ros2/src/orb_slam3_ros2/install/orbslam3/share/orbslam3//config/monocular-inertial/EuRoC_TimeStamps/MH05.txt
-- Symlinking: /home/yechan/orb_slam3_ros2/src/orb_slam3_ros2/install/orbslam3/share/orbslam3//config/monocular-inertial/EuRoC_TimeStamps/V101.txt
-- Symlinking: /home/yechan/orb_slam3_ros2/src/orb_slam3_ros2/install/orbslam3/share/orbslam3//config/monocular-inertial/EuRoC_TimeStamps/V102.txt
-- Symlinking: /home/yechan/orb_slam3_ros2/src/orb_slam3_ros2/install/orbslam3/share/orbslam3//config/monocular-inertial/EuRoC_TimeStamps/V103.txt
-- Symlinking: /home/yechan/orb_slam3_ros2/src/orb_slam3_ros2/install/orbslam3/share/orbslam3//config/monocular-inertial/EuRoC_TimeStamps/V201.txt
-- Symlinking: /home/yechan/orb_slam3_ros2/src/orb_slam3_ros2/install/orbslam3/share/orbslam3//config/monocular-inertial/EuRoC_TimeStamps/V202.txt
-- Symlinking: /home/yechan/orb_slam3_ros2/src/orb_slam3_ros2/install/orbslam3/share/orbslam3//config/monocular-inertial/EuRoC_TimeStamps/V203.txt
-- Symlinking: /home/yechan/orb_slam3_ros2/src/orb_slam3_ros2/install/orbslam3/share/orbslam3//config/monocular-inertial/MultiSession/EuRoC_MH01.yaml
-- Symlinking: /home/yechan/orb_slam3_ros2/src/orb_slam3_ros2/install/orbslam3/share/orbslam3//config/monocular-inertial/MultiSession/EuRoC_MH02.yaml
-- Symlinking: /home/yechan/orb_slam3_ros2/src/orb_slam3_ros2/install/orbslam3/share/orbslam3//config/monocular-inertial/MultiSession/EuRoC_MH03.yaml
-- Symlinking: /home/yechan/orb_slam3_ros2/src/orb_slam3_ros2/install/orbslam3/share/orbslam3//config/monocular-inertial/MultiSession/EuRoC_MH04.yaml
-- Symlinking: /home/yechan/orb_slam3_ros2/src/orb_slam3_ros2/install/orbslam3/share/orbslam3//config/monocular-inertial/MultiSession/EuRoC_MH05.yaml
-- Symlinking: /home/yechan/orb_slam3_ros2/src/orb_slam3_ros2/install/orbslam3/share/orbslam3//config/monocular-inertial/MultiSession/EuRoC_V101.yaml
-- Symlinking: /home/yechan/orb_slam3_ros2/src/orb_slam3_ros2/install/orbslam3/share/orbslam3//config/monocular-inertial/MultiSession/EuRoC_V102.yaml
-- Symlinking: /home/yechan/orb_slam3_ros2/src/orb_slam3_ros2/install/orbslam3/share/orbslam3//config/monocular-inertial/MultiSession/EuRoC_V103.yaml
-- Symlinking: /home/yechan/orb_slam3_ros2/src/orb_slam3_ros2/install/orbslam3/share/orbslam3//config/monocular-inertial/MultiSession/EuRoC_V201.yaml
-- Symlinking: /home/yechan/orb_slam3_ros2/src/orb_slam3_ros2/install/orbslam3/share/orbslam3//config/monocular-inertial/MultiSession/EuRoC_V202.yaml
-- Symlinking: /home/yechan/orb_slam3_ros2/src/orb_slam3_ros2/install/orbslam3/share/orbslam3//config/monocular-inertial/MultiSession/EuRoC_V203.yaml
-- Symlinking: /home/yechan/orb_slam3_ros2/src/orb_slam3_ros2/install/orbslam3/share/orbslam3//config/monocular-inertial/RealSense_D435i.yaml
-- Symlinking: /home/yechan/orb_slam3_ros2/src/orb_slam3_ros2/install/orbslam3/share/orbslam3//config/monocular-inertial/RealSense_T265.yaml
-- Symlinking: /home/yechan/orb_slam3_ros2/src/orb_slam3_ros2/install/orbslam3/share/orbslam3//config/monocular-inertial/TUM-VI.yaml
-- Symlinking: /home/yechan/orb_slam3_ros2/src/orb_slam3_ros2/install/orbslam3/share/orbslam3//config/monocular-inertial/TUM-VI_far.yaml
-- Symlinking: /home/yechan/orb_slam3_ros2/src/orb_slam3_ros2/install/orbslam3/share/orbslam3//config/monocular-inertial/TUM_IMU/dataset-corridor1_512.txt
-- Symlinking: /home/yechan/orb_slam3_ros2/src/orb_slam3_ros2/install/orbslam3/share/orbslam3//config/monocular-inertial/TUM_IMU/dataset-corridor2_1024.txt
-- Symlinking: /home/yechan/orb_slam3_ros2/src/orb_slam3_ros2/install/orbslam3/share/orbslam3//config/monocular-inertial/TUM_IMU/dataset-corridor2_512.txt
-- Symlinking: /home/yechan/orb_slam3_ros2/src/orb_slam3_ros2/install/orbslam3/share/orbslam3//config/monocular-inertial/TUM_IMU/dataset-corridor3_512.txt
-- Symlinking: /home/yechan/orb_slam3_ros2/src/orb_slam3_ros2/install/orbslam3/share/orbslam3//config/monocular-inertial/TUM_IMU/dataset-corridor4_512.txt
-- Symlinking: /home/yechan/orb_slam3_ros2/src/orb_slam3_ros2/install/orbslam3/share/orbslam3//config/monocular-inertial/TUM_IMU/dataset-corridor5_512.txt
-- Symlinking: /home/yechan/orb_slam3_ros2/src/orb_slam3_ros2/install/orbslam3/share/orbslam3//config/monocular-inertial/TUM_IMU/dataset-magistrale1_512.txt
-- Symlinking: /home/yechan/orb_slam3_ros2/src/orb_slam3_ros2/install/orbslam3/share/orbslam3//config/monocular-inertial/TUM_IMU/dataset-magistrale2_512.txt
-- Symlinking: /home/yechan/orb_slam3_ros2/src/orb_slam3_ros2/install/orbslam3/share/orbslam3//config/monocular-inertial/TUM_IMU/dataset-magistrale3_512.txt
-- Symlinking: /home/yechan/orb_slam3_ros2/src/orb_slam3_ros2/install/orbslam3/share/orbslam3//config/monocular-inertial/TUM_IMU/dataset-magistrale4_512.txt
-- Symlinking: /home/yechan/orb_slam3_ros2/src/orb_slam3_ros2/install/orbslam3/share/orbslam3//config/monocular-inertial/TUM_IMU/dataset-magistrale5_512.txt
-- Symlinking: /home/yechan/orb_slam3_ros2/src/orb_slam3_ros2/install/orbslam3/share/orbslam3//config/monocular-inertial/TUM_IMU/dataset-magistrale6_512.txt
-- Symlinking: /home/yechan/orb_slam3_ros2/src/orb_slam3_ros2/install/orbslam3/share/orbslam3//config/monocular-inertial/TUM_IMU/dataset-outdoors1_512.txt
-- Symlinking: /home/yechan/orb_slam3_ros2/src/orb_slam3_ros2/install/orbslam3/share/orbslam3//config/monocular-inertial/TUM_IMU/dataset-outdoors2_512.txt
-- Symlinking: /home/yechan/orb_slam3_ros2/src/orb_slam3_ros2/install/orbslam3/share/orbslam3//config/monocular-inertial/TUM_IMU/dataset-outdoors3_512.txt
-- Symlinking: /home/yechan/orb_slam3_ros2/src/orb_slam3_ros2/install/orbslam3/share/orbslam3//config/monocular-inertial/TUM_IMU/dataset-outdoors4_512.txt
-- Symlinking: /home/yechan/orb_slam3_ros2/src/orb_slam3_ros2/install/orbslam3/share/orbslam3//config/monocular-inertial/TUM_IMU/dataset-outdoors5_512.txt
-- Symlinking: /home/yechan/orb_slam3_ros2/src/orb_slam3_ros2/install/orbslam3/share/orbslam3//config/monocular-inertial/TUM_IMU/dataset-outdoors6_512.txt
-- Symlinking: /home/yechan/orb_slam3_ros2/src/orb_slam3_ros2/install/orbslam3/share/orbslam3//config/monocular-inertial/TUM_IMU/dataset-outdoors7_512.txt
-- Symlinking: /home/yechan/orb_slam3_ros2/src/orb_slam3_ros2/install/orbslam3/share/orbslam3//config/monocular-inertial/TUM_IMU/dataset-outdoors8_512.txt
-- Symlinking: /home/yechan/orb_slam3_ros2/src/orb_slam3_ros2/install/orbslam3/share/orbslam3//config/monocular-inertial/TUM_IMU/dataset-room1_512.txt
-- Symlinking: /home/yechan/orb_slam3_ros2/src/orb_slam3_ros2/install/orbslam3/share/orbslam3//config/monocular-inertial/TUM_IMU/dataset-room2_512.txt
-- Symlinking: /home/yechan/orb_slam3_ros2/src/orb_slam3_ros2/install/orbslam3/share/orbslam3//config/monocular-inertial/TUM_IMU/dataset-room3_512.txt
-- Symlinking: /home/yechan/orb_slam3_ros2/src/orb_slam3_ros2/install/orbslam3/share/orbslam3//config/monocular-inertial/TUM_IMU/dataset-room4_512.txt
-- Symlinking: /home/yechan/orb_slam3_ros2/src/orb_slam3_ros2/install/orbslam3/share/orbslam3//config/monocular-inertial/TUM_IMU/dataset-room5_512.txt
-- Symlinking: /home/yechan/orb_slam3_ros2/src/orb_slam3_ros2/install/orbslam3/share/orbslam3//config/monocular-inertial/TUM_IMU/dataset-room6_512.txt
-- Symlinking: /home/yechan/orb_slam3_ros2/src/orb_slam3_ros2/install/orbslam3/share/orbslam3//config/monocular-inertial/TUM_IMU/dataset-slides1_512.txt
-- Symlinking: /home/yechan/orb_slam3_ros2/src/orb_slam3_ros2/install/orbslam3/share/orbslam3//config/monocular-inertial/TUM_IMU/dataset-slides2_512.txt
-- Symlinking: /home/yechan/orb_slam3_ros2/src/orb_slam3_ros2/install/orbslam3/share/orbslam3//config/monocular-inertial/TUM_IMU/dataset-slides3_512.txt
-- Symlinking: /home/yechan/orb_slam3_ros2/src/orb_slam3_ros2/install/orbslam3/share/orbslam3//config/monocular-inertial/TUM_TimeStamps/dataset-corridor1_512.txt
-- Symlinking: /home/yechan/orb_slam3_ros2/src/orb_slam3_ros2/install/orbslam3/share/orbslam3//config/monocular-inertial/TUM_TimeStamps/dataset-corridor2_1024.txt
-- Symlinking: /home/yechan/orb_slam3_ros2/src/orb_slam3_ros2/install/orbslam3/share/orbslam3//config/monocular-inertial/TUM_TimeStamps/dataset-corridor2_512.txt
-- Symlinking: /home/yechan/orb_slam3_ros2/src/orb_slam3_ros2/install/orbslam3/share/orbslam3//config/monocular-inertial/TUM_TimeStamps/dataset-corridor3_512.txt
-- Symlinking: /home/yechan/orb_slam3_ros2/src/orb_slam3_ros2/install/orbslam3/share/orbslam3//config/monocular-inertial/TUM_TimeStamps/dataset-corridor4_512.txt
-- Symlinking: /home/yechan/orb_slam3_ros2/src/orb_slam3_ros2/install/orbslam3/share/orbslam3//config/monocular-inertial/TUM_TimeStamps/dataset-corridor5_512.txt
-- Symlinking: /home/yechan/orb_slam3_ros2/src/orb_slam3_ros2/install/orbslam3/share/orbslam3//config/monocular-inertial/TUM_TimeStamps/dataset-magistrale1_512.txt
-- Symlinking: /home/yechan/orb_slam3_ros2/src/orb_slam3_ros2/install/orbslam3/share/orbslam3//config/monocular-inertial/TUM_TimeStamps/dataset-magistrale2_512.txt
-- Symlinking: /home/yechan/orb_slam3_ros2/src/orb_slam3_ros2/install/orbslam3/share/orbslam3//config/monocular-inertial/TUM_TimeStamps/dataset-magistrale3_512.txt
-- Symlinking: /home/yechan/orb_slam3_ros2/src/orb_slam3_ros2/install/orbslam3/share/orbslam3//config/monocular-inertial/TUM_TimeStamps/dataset-magistrale4_512.txt
-- Symlinking: /home/yechan/orb_slam3_ros2/src/orb_slam3_ros2/install/orbslam3/share/orbslam3//config/monocular-inertial/TUM_TimeStamps/dataset-magistrale5_512.txt
-- Symlinking: /home/yechan/orb_slam3_ros2/src/orb_slam3_ros2/install/orbslam3/share/orbslam3//config/monocular-inertial/TUM_TimeStamps/dataset-magistrale6_512.txt
-- Symlinking: /home/yechan/orb_slam3_ros2/src/orb_slam3_ros2/install/orbslam3/share/orbslam3//config/monocular-inertial/TUM_TimeStamps/dataset-outdoors1_512.txt
-- Symlinking: /home/yechan/orb_slam3_ros2/src/orb_slam3_ros2/install/orbslam3/share/orbslam3//config/monocular-inertial/TUM_TimeStamps/dataset-outdoors2_512.txt
-- Symlinking: /home/yechan/orb_slam3_ros2/src/orb_slam3_ros2/install/orbslam3/share/orbslam3//config/monocular-inertial/TUM_TimeStamps/dataset-outdoors3_512.txt
-- Symlinking: /home/yechan/orb_slam3_ros2/src/orb_slam3_ros2/install/orbslam3/share/orbslam3//config/monocular-inertial/TUM_TimeStamps/dataset-outdoors4_512.txt
-- Symlinking: /home/yechan/orb_slam3_ros2/src/orb_slam3_ros2/install/orbslam3/share/orbslam3//config/monocular-inertial/TUM_TimeStamps/dataset-outdoors5_512.txt
-- Symlinking: /home/yechan/orb_slam3_ros2/src/orb_slam3_ros2/install/orbslam3/share/orbslam3//config/monocular-inertial/TUM_TimeStamps/dataset-outdoors6_512.txt
-- Symlinking: /home/yechan/orb_slam3_ros2/src/orb_slam3_ros2/install/orbslam3/share/orbslam3//config/monocular-inertial/TUM_TimeStamps/dataset-outdoors7_512.txt
-- Symlinking: /home/yechan/orb_slam3_ros2/src/orb_slam3_ros2/install/orbslam3/share/orbslam3//config/monocular-inertial/TUM_TimeStamps/dataset-outdoors8_512.txt
-- Symlinking: /home/yechan/orb_slam3_ros2/src/orb_slam3_ros2/install/orbslam3/share/orbslam3//config/monocular-inertial/TUM_TimeStamps/dataset-room1_512.txt
-- Symlinking: /home/yechan/orb_slam3_ros2/src/orb_slam3_ros2/install/orbslam3/share/orbslam3//config/monocular-inertial/TUM_TimeStamps/dataset-room2_512.txt
-- Symlinking: /home/yechan/orb_slam3_ros2/src/orb_slam3_ros2/install/orbslam3/share/orbslam3//config/monocular-inertial/TUM_TimeStamps/dataset-room3_512.txt
-- Symlinking: /home/yechan/orb_slam3_ros2/src/orb_slam3_ros2/install/orbslam3/share/orbslam3//config/monocular-inertial/TUM_TimeStamps/dataset-room4_512.txt
-- Symlinking: /home/yechan/orb_slam3_ros2/src/orb_slam3_ros2/install/orbslam3/share/orbslam3//config/monocular-inertial/TUM_TimeStamps/dataset-room5_512.txt
-- Symlinking: /home/yechan/orb_slam3_ros2/src/orb_slam3_ros2/install/orbslam3/share/orbslam3//config/monocular-inertial/TUM_TimeStamps/dataset-room6_512.txt
-- Symlinking: /home/yechan/orb_slam3_ros2/src/orb_slam3_ros2/install/orbslam3/share/orbslam3//config/monocular-inertial/TUM_TimeStamps/dataset-slides1_512.txt
-- Symlinking: /home/yechan/orb_slam3_ros2/src/orb_slam3_ros2/install/orbslam3/share/orbslam3//config/monocular-inertial/TUM_TimeStamps/dataset-slides2_512.txt
-- Symlinking: /home/yechan/orb_slam3_ros2/src/orb_slam3_ros2/install/orbslam3/share/orbslam3//config/monocular-inertial/TUM_TimeStamps/dataset-slides3_512.txt
-- Symlinking: /home/yechan/orb_slam3_ros2/src/orb_slam3_ros2/install/orbslam3/share/orbslam3//config/monocular/EuRoC.yaml
-- Symlinking: /home/yechan/orb_slam3_ros2/src/orb_slam3_ros2/install/orbslam3/share/orbslam3//config/monocular/EuRoC_TimeStamps/MH01.txt
-- Symlinking: /home/yechan/orb_slam3_ros2/src/orb_slam3_ros2/install/orbslam3/share/orbslam3//config/monocular/EuRoC_TimeStamps/MH02.txt
-- Symlinking: /home/yechan/orb_slam3_ros2/src/orb_slam3_ros2/install/orbslam3/share/orbslam3//config/monocular/EuRoC_TimeStamps/MH03.txt
-- Symlinking: /home/yechan/orb_slam3_ros2/src/orb_slam3_ros2/install/orbslam3/share/orbslam3//config/monocular/EuRoC_TimeStamps/MH04.txt
-- Symlinking: /home/yechan/orb_slam3_ros2/src/orb_slam3_ros2/install/orbslam3/share/orbslam3//config/monocular/EuRoC_TimeStamps/MH05.txt
-- Symlinking: /home/yechan/orb_slam3_ros2/src/orb_slam3_ros2/install/orbslam3/share/orbslam3//config/monocular/EuRoC_TimeStamps/V101.txt
-- Symlinking: /home/yechan/orb_slam3_ros2/src/orb_slam3_ros2/install/orbslam3/share/orbslam3//config/monocular/EuRoC_TimeStamps/V102.txt
-- Symlinking: /home/yechan/orb_slam3_ros2/src/orb_slam3_ros2/install/orbslam3/share/orbslam3//config/monocular/EuRoC_TimeStamps/V103.txt
-- Symlinking: /home/yechan/orb_slam3_ros2/src/orb_slam3_ros2/install/orbslam3/share/orbslam3//config/monocular/EuRoC_TimeStamps/V201.txt
-- Symlinking: /home/yechan/orb_slam3_ros2/src/orb_slam3_ros2/install/orbslam3/share/orbslam3//config/monocular/EuRoC_TimeStamps/V202.txt
-- Symlinking: /home/yechan/orb_slam3_ros2/src/orb_slam3_ros2/install/orbslam3/share/orbslam3//config/monocular/EuRoC_TimeStamps/V203.txt
-- Symlinking: /home/yechan/orb_slam3_ros2/src/orb_slam3_ros2/install/orbslam3/share/orbslam3//config/monocular/KITTI00-02.yaml
-- Symlinking: /home/yechan/orb_slam3_ros2/src/orb_slam3_ros2/install/orbslam3/share/orbslam3//config/monocular/KITTI03.yaml
-- Symlinking: /home/yechan/orb_slam3_ros2/src/orb_slam3_ros2/install/orbslam3/share/orbslam3//config/monocular/KITTI04-12.yaml
-- Symlinking: /home/yechan/orb_slam3_ros2/src/orb_slam3_ros2/install/orbslam3/share/orbslam3//config/monocular/MultiSession/EuRoC_MH01.yaml
-- Symlinking: /home/yechan/orb_slam3_ros2/src/orb_slam3_ros2/install/orbslam3/share/orbslam3//config/monocular/MultiSession/EuRoC_MH02.yaml
-- Symlinking: /home/yechan/orb_slam3_ros2/src/orb_slam3_ros2/install/orbslam3/share/orbslam3//config/monocular/MultiSession/EuRoC_MH03.yaml
-- Symlinking: /home/yechan/orb_slam3_ros2/src/orb_slam3_ros2/install/orbslam3/share/orbslam3//config/monocular/MultiSession/EuRoC_MH04.yaml
-- Symlinking: /home/yechan/orb_slam3_ros2/src/orb_slam3_ros2/install/orbslam3/share/orbslam3//config/monocular/MultiSession/EuRoC_MH05.yaml
-- Symlinking: /home/yechan/orb_slam3_ros2/src/orb_slam3_ros2/install/orbslam3/share/orbslam3//config/monocular/MultiSession/EuRoC_V101.yaml
-- Symlinking: /home/yechan/orb_slam3_ros2/src/orb_slam3_ros2/install/orbslam3/share/orbslam3//config/monocular/MultiSession/EuRoC_V102.yaml
-- Symlinking: /home/yechan/orb_slam3_ros2/src/orb_slam3_ros2/install/orbslam3/share/orbslam3//config/monocular/MultiSession/EuRoC_V103.yaml
-- Symlinking: /home/yechan/orb_slam3_ros2/src/orb_slam3_ros2/install/orbslam3/share/orbslam3//config/monocular/MultiSession/EuRoC_V201.yaml
-- Symlinking: /home/yechan/orb_slam3_ros2/src/orb_slam3_ros2/install/orbslam3/share/orbslam3//config/monocular/MultiSession/EuRoC_V202.yaml
-- Symlinking: /home/yechan/orb_slam3_ros2/src/orb_slam3_ros2/install/orbslam3/share/orbslam3//config/monocular/MultiSession/EuRoC_V203.yaml
-- Symlinking: /home/yechan/orb_slam3_ros2/src/orb_slam3_ros2/install/orbslam3/share/orbslam3//config/monocular/RealSense_D435i.yaml
-- Symlinking: /home/yechan/orb_slam3_ros2/src/orb_slam3_ros2/install/orbslam3/share/orbslam3//config/monocular/RealSense_T265.yaml
-- Symlinking: /home/yechan/orb_slam3_ros2/src/orb_slam3_ros2/install/orbslam3/share/orbslam3//config/monocular/TUM-VI.yaml
-- Symlinking: /home/yechan/orb_slam3_ros2/src/orb_slam3_ros2/install/orbslam3/share/orbslam3//config/monocular/TUM1.yaml
-- Symlinking: /home/yechan/orb_slam3_ros2/src/orb_slam3_ros2/install/orbslam3/share/orbslam3//config/monocular/TUM2.yaml
-- Symlinking: /home/yechan/orb_slam3_ros2/src/orb_slam3_ros2/install/orbslam3/share/orbslam3//config/monocular/TUM3.yaml
-- Symlinking: /home/yechan/orb_slam3_ros2/src/orb_slam3_ros2/install/orbslam3/share/orbslam3//config/monocular/TUM_TimeStamps/dataset-corridor1_512.txt
-- Symlinking: /home/yechan/orb_slam3_ros2/src/orb_slam3_ros2/install/orbslam3/share/orbslam3//config/monocular/TUM_TimeStamps/dataset-corridor2_1024.txt
-- Symlinking: /home/yechan/orb_slam3_ros2/src/orb_slam3_ros2/install/orbslam3/share/orbslam3//config/monocular/TUM_TimeStamps/dataset-corridor2_512.txt
-- Symlinking: /home/yechan/orb_slam3_ros2/src/orb_slam3_ros2/install/orbslam3/share/orbslam3//config/monocular/TUM_TimeStamps/dataset-corridor3_512.txt
-- Symlinking: /home/yechan/orb_slam3_ros2/src/orb_slam3_ros2/install/orbslam3/share/orbslam3//config/monocular/TUM_TimeStamps/dataset-corridor4_512.txt
-- Symlinking: /home/yechan/orb_slam3_ros2/src/orb_slam3_ros2/install/orbslam3/share/orbslam3//config/monocular/TUM_TimeStamps/dataset-corridor5_512.txt
-- Symlinking: /home/yechan/orb_slam3_ros2/src/orb_slam3_ros2/install/orbslam3/share/orbslam3//config/monocular/TUM_TimeStamps/dataset-magistrale1_512.txt
-- Symlinking: /home/yechan/orb_slam3_ros2/src/orb_slam3_ros2/install/orbslam3/share/orbslam3//config/monocular/TUM_TimeStamps/dataset-magistrale2_512.txt
-- Symlinking: /home/yechan/orb_slam3_ros2/src/orb_slam3_ros2/install/orbslam3/share/orbslam3//config/monocular/TUM_TimeStamps/dataset-magistrale3_512.txt
-- Symlinking: /home/yechan/orb_slam3_ros2/src/orb_slam3_ros2/install/orbslam3/share/orbslam3//config/monocular/TUM_TimeStamps/dataset-magistrale4_512.txt
-- Symlinking: /home/yechan/orb_slam3_ros2/src/orb_slam3_ros2/install/orbslam3/share/orbslam3//config/monocular/TUM_TimeStamps/dataset-magistrale5_512.txt
-- Symlinking: /home/yechan/orb_slam3_ros2/src/orb_slam3_ros2/install/orbslam3/share/orbslam3//config/monocular/TUM_TimeStamps/dataset-magistrale6_512.txt
-- Symlinking: /home/yechan/orb_slam3_ros2/src/orb_slam3_ros2/install/orbslam3/share/orbslam3//config/monocular/TUM_TimeStamps/dataset-outdoors1_512.txt
-- Symlinking: /home/yechan/orb_slam3_ros2/src/orb_slam3_ros2/install/orbslam3/share/orbslam3//config/monocular/TUM_TimeStamps/dataset-outdoors2_512.txt
-- Symlinking: /home/yechan/orb_slam3_ros2/src/orb_slam3_ros2/install/orbslam3/share/orbslam3//config/monocular/TUM_TimeStamps/dataset-outdoors3_512.txt
-- Symlinking: /home/yechan/orb_slam3_ros2/src/orb_slam3_ros2/install/orbslam3/share/orbslam3//config/monocular/TUM_TimeStamps/dataset-outdoors4_512.txt
-- Symlinking: /home/yechan/orb_slam3_ros2/src/orb_slam3_ros2/install/orbslam3/share/orbslam3//config/monocular/TUM_TimeStamps/dataset-outdoors5_512.txt
-- Symlinking: /home/yechan/orb_slam3_ros2/src/orb_slam3_ros2/install/orbslam3/share/orbslam3//config/monocular/TUM_TimeStamps/dataset-outdoors6_512.txt
-- Symlinking: /home/yechan/orb_slam3_ros2/src/orb_slam3_ros2/install/orbslam3/share/orbslam3//config/monocular/TUM_TimeStamps/dataset-outdoors7_512.txt
-- Symlinking: /home/yechan/orb_slam3_ros2/src/orb_slam3_ros2/install/orbslam3/share/orbslam3//config/monocular/TUM_TimeStamps/dataset-outdoors8_512.txt
-- Symlinking: /home/yechan/orb_slam3_ros2/src/orb_slam3_ros2/install/orbslam3/share/orbslam3//config/monocular/TUM_TimeStamps/dataset-room1_512.txt
-- Symlinking: /home/yechan/orb_slam3_ros2/src/orb_slam3_ros2/install/orbslam3/share/orbslam3//config/monocular/TUM_TimeStamps/dataset-room2_512.txt
-- Symlinking: /home/yechan/orb_slam3_ros2/src/orb_slam3_ros2/install/orbslam3/share/orbslam3//config/monocular/TUM_TimeStamps/dataset-room3_512.txt
-- Symlinking: /home/yechan/orb_slam3_ros2/src/orb_slam3_ros2/install/orbslam3/share/orbslam3//config/monocular/TUM_TimeStamps/dataset-room4_512.txt
-- Symlinking: /home/yechan/orb_slam3_ros2/src/orb_slam3_ros2/install/orbslam3/share/orbslam3//config/monocular/TUM_TimeStamps/dataset-room5_512.txt
-- Symlinking: /home/yechan/orb_slam3_ros2/src/orb_slam3_ros2/install/orbslam3/share/orbslam3//config/monocular/TUM_TimeStamps/dataset-room6_512.txt
-- Symlinking: /home/yechan/orb_slam3_ros2/src/orb_slam3_ros2/install/orbslam3/share/orbslam3//config/monocular/TUM_TimeStamps/dataset-slides1_512.txt
-- Symlinking: /home/yechan/orb_slam3_ros2/src/orb_slam3_ros2/install/orbslam3/share/orbslam3//config/monocular/TUM_TimeStamps/dataset-slides2_512.txt
-- Symlinking: /home/yechan/orb_slam3_ros2/src/orb_slam3_ros2/install/orbslam3/share/orbslam3//config/monocular/TUM_TimeStamps/dataset-slides3_512.txt
-- Symlinking: /home/yechan/orb_slam3_ros2/src/orb_slam3_ros2/install/orbslam3/share/orbslam3//config/rgb-d-inertial/RealSense_D435i.yaml
-- Symlinking: /home/yechan/orb_slam3_ros2/src/orb_slam3_ros2/install/orbslam3/share/orbslam3//config/rgb-d/RealSense_D435i.yaml
-- Symlinking: /home/yechan/orb_slam3_ros2/src/orb_slam3_ros2/install/orbslam3/share/orbslam3//config/rgb-d/TUM1.yaml
-- Symlinking: /home/yechan/orb_slam3_ros2/src/orb_slam3_ros2/install/orbslam3/share/orbslam3//config/rgb-d/TUM2.yaml
-- Symlinking: /home/yechan/orb_slam3_ros2/src/orb_slam3_ros2/install/orbslam3/share/orbslam3//config/rgb-d/TUM3.yaml
-- Symlinking: /home/yechan/orb_slam3_ros2/src/orb_slam3_ros2/install/orbslam3/share/orbslam3//config/rgb-d/associations/fr1_desk.txt
-- Symlinking: /home/yechan/orb_slam3_ros2/src/orb_slam3_ros2/install/orbslam3/share/orbslam3//config/rgb-d/associations/fr1_desk2.txt
-- Symlinking: /home/yechan/orb_slam3_ros2/src/orb_slam3_ros2/install/orbslam3/share/orbslam3//config/rgb-d/associations/fr1_room.txt
-- Symlinking: /home/yechan/orb_slam3_ros2/src/orb_slam3_ros2/install/orbslam3/share/orbslam3//config/rgb-d/associations/fr1_xyz.txt
-- Symlinking: /home/yechan/orb_slam3_ros2/src/orb_slam3_ros2/install/orbslam3/share/orbslam3//config/rgb-d/associations/fr2_desk.txt
-- Symlinking: /home/yechan/orb_slam3_ros2/src/orb_slam3_ros2/install/orbslam3/share/orbslam3//config/rgb-d/associations/fr2_xyz.txt
-- Symlinking: /home/yechan/orb_slam3_ros2/src/orb_slam3_ros2/install/orbslam3/share/orbslam3//config/rgb-d/associations/fr3_nstr_tex_near.txt
-- Symlinking: /home/yechan/orb_slam3_ros2/src/orb_slam3_ros2/install/orbslam3/share/orbslam3//config/rgb-d/associations/fr3_office.txt
-- Symlinking: /home/yechan/orb_slam3_ros2/src/orb_slam3_ros2/install/orbslam3/share/orbslam3//config/rgb-d/associations/fr3_office_val.txt
-- Symlinking: /home/yechan/orb_slam3_ros2/src/orb_slam3_ros2/install/orbslam3/share/orbslam3//config/rgb-d/associations/fr3_str_tex_far.txt
-- Symlinking: /home/yechan/orb_slam3_ros2/src/orb_slam3_ros2/install/orbslam3/share/orbslam3//config/rgb-d/associations/fr3_str_tex_near.txt
-- Symlinking: /home/yechan/orb_slam3_ros2/src/orb_slam3_ros2/install/orbslam3/share/orbslam3//config/stereo-inertial-slam_d435i.yaml
-- Symlinking: /home/yechan/orb_slam3_ros2/src/orb_slam3_ros2/install/orbslam3/share/orbslam3//config/stereo-inertial-slam_d455.yaml
-- Symlinking: /home/yechan/orb_slam3_ros2/src/orb_slam3_ros2/install/orbslam3/share/orbslam3//config/stereo-inertial/EuRoC.yaml
-- Symlinking: /home/yechan/orb_slam3_ros2/src/orb_slam3_ros2/install/orbslam3/share/orbslam3//config/stereo-inertial/EuRoC_IMU/MH01.txt
-- Symlinking: /home/yechan/orb_slam3_ros2/src/orb_slam3_ros2/install/orbslam3/share/orbslam3//config/stereo-inertial/EuRoC_IMU/MH02.txt
-- Symlinking: /home/yechan/orb_slam3_ros2/src/orb_slam3_ros2/install/orbslam3/share/orbslam3//config/stereo-inertial/EuRoC_IMU/MH03.txt
-- Symlinking: /home/yechan/orb_slam3_ros2/src/orb_slam3_ros2/install/orbslam3/share/orbslam3//config/stereo-inertial/EuRoC_IMU/MH04.txt
-- Symlinking: /home/yechan/orb_slam3_ros2/src/orb_slam3_ros2/install/orbslam3/share/orbslam3//config/stereo-inertial/EuRoC_IMU/MH05.txt
-- Symlinking: /home/yechan/orb_slam3_ros2/src/orb_slam3_ros2/install/orbslam3/share/orbslam3//config/stereo-inertial/EuRoC_IMU/V101.txt
-- Symlinking: /home/yechan/orb_slam3_ros2/src/orb_slam3_ros2/install/orbslam3/share/orbslam3//config/stereo-inertial/EuRoC_IMU/V102.txt
-- Symlinking: /home/yechan/orb_slam3_ros2/src/orb_slam3_ros2/install/orbslam3/share/orbslam3//config/stereo-inertial/EuRoC_IMU/V103.txt
-- Symlinking: /home/yechan/orb_slam3_ros2/src/orb_slam3_ros2/install/orbslam3/share/orbslam3//config/stereo-inertial/EuRoC_IMU/V201.txt
-- Symlinking: /home/yechan/orb_slam3_ros2/src/orb_slam3_ros2/install/orbslam3/share/orbslam3//config/stereo-inertial/EuRoC_IMU/V202.txt
-- Symlinking: /home/yechan/orb_slam3_ros2/src/orb_slam3_ros2/install/orbslam3/share/orbslam3//config/stereo-inertial/EuRoC_IMU/V203.txt
-- Symlinking: /home/yechan/orb_slam3_ros2/src/orb_slam3_ros2/install/orbslam3/share/orbslam3//config/stereo-inertial/EuRoC_TimeStamps/MH01.txt
-- Symlinking: /home/yechan/orb_slam3_ros2/src/orb_slam3_ros2/install/orbslam3/share/orbslam3//config/stereo-inertial/EuRoC_TimeStamps/MH02.txt
-- Symlinking: /home/yechan/orb_slam3_ros2/src/orb_slam3_ros2/install/orbslam3/share/orbslam3//config/stereo-inertial/EuRoC_TimeStamps/MH03.txt
-- Symlinking: /home/yechan/orb_slam3_ros2/src/orb_slam3_ros2/install/orbslam3/share/orbslam3//config/stereo-inertial/EuRoC_TimeStamps/MH04.txt
-- Symlinking: /home/yechan/orb_slam3_ros2/src/orb_slam3_ros2/install/orbslam3/share/orbslam3//config/stereo-inertial/EuRoC_TimeStamps/MH05.txt
-- Symlinking: /home/yechan/orb_slam3_ros2/src/orb_slam3_ros2/install/orbslam3/share/orbslam3//config/stereo-inertial/EuRoC_TimeStamps/V101.txt
-- Symlinking: /home/yechan/orb_slam3_ros2/src/orb_slam3_ros2/install/orbslam3/share/orbslam3//config/stereo-inertial/EuRoC_TimeStamps/V102.txt
-- Symlinking: /home/yechan/orb_slam3_ros2/src/orb_slam3_ros2/install/orbslam3/share/orbslam3//config/stereo-inertial/EuRoC_TimeStamps/V103.txt
-- Symlinking: /home/yechan/orb_slam3_ros2/src/orb_slam3_ros2/install/orbslam3/share/orbslam3//config/stereo-inertial/EuRoC_TimeStamps/V201.txt
-- Symlinking: /home/yechan/orb_slam3_ros2/src/orb_slam3_ros2/install/orbslam3/share/orbslam3//config/stereo-inertial/EuRoC_TimeStamps/V202.txt
-- Symlinking: /home/yechan/orb_slam3_ros2/src/orb_slam3_ros2/install/orbslam3/share/orbslam3//config/stereo-inertial/EuRoC_TimeStamps/V203.txt
-- Symlinking: /home/yechan/orb_slam3_ros2/src/orb_slam3_ros2/install/orbslam3/share/orbslam3//config/stereo-inertial/EuRoC_TimeStamps/V203_2.txt
-- Symlinking: /home/yechan/orb_slam3_ros2/src/orb_slam3_ros2/install/orbslam3/share/orbslam3//config/stereo-inertial/MultiSession/EuRoC_MH01.yaml
-- Symlinking: /home/yechan/orb_slam3_ros2/src/orb_slam3_ros2/install/orbslam3/share/orbslam3//config/stereo-inertial/MultiSession/EuRoC_MH02.yaml
-- Symlinking: /home/yechan/orb_slam3_ros2/src/orb_slam3_ros2/install/orbslam3/share/orbslam3//config/stereo-inertial/MultiSession/EuRoC_MH03.yaml
-- Symlinking: /home/yechan/orb_slam3_ros2/src/orb_slam3_ros2/install/orbslam3/share/orbslam3//config/stereo-inertial/MultiSession/EuRoC_MH04.yaml
-- Symlinking: /home/yechan/orb_slam3_ros2/src/orb_slam3_ros2/install/orbslam3/share/orbslam3//config/stereo-inertial/MultiSession/EuRoC_MH05.yaml
-- Symlinking: /home/yechan/orb_slam3_ros2/src/orb_slam3_ros2/install/orbslam3/share/orbslam3//config/stereo-inertial/MultiSession/EuRoC_V101.yaml
-- Symlinking: /home/yechan/orb_slam3_ros2/src/orb_slam3_ros2/install/orbslam3/share/orbslam3//config/stereo-inertial/MultiSession/EuRoC_V102.yaml
-- Symlinking: /home/yechan/orb_slam3_ros2/src/orb_slam3_ros2/install/orbslam3/share/orbslam3//config/stereo-inertial/MultiSession/EuRoC_V103.yaml
-- Symlinking: /home/yechan/orb_slam3_ros2/src/orb_slam3_ros2/install/orbslam3/share/orbslam3//config/stereo-inertial/MultiSession/EuRoC_V201.yaml
-- Symlinking: /home/yechan/orb_slam3_ros2/src/orb_slam3_ros2/install/orbslam3/share/orbslam3//config/stereo-inertial/MultiSession/EuRoC_V202.yaml
-- Symlinking: /home/yechan/orb_slam3_ros2/src/orb_slam3_ros2/install/orbslam3/share/orbslam3//config/stereo-inertial/MultiSession/EuRoC_V203.yaml
-- Symlinking: /home/yechan/orb_slam3_ros2/src/orb_slam3_ros2/install/orbslam3/share/orbslam3//config/stereo-inertial/RealSense_D435i.yaml
-- Symlinking: /home/yechan/orb_slam3_ros2/src/orb_slam3_ros2/install/orbslam3/share/orbslam3//config/stereo-inertial/RealSense_D455.yaml
-- Symlinking: /home/yechan/orb_slam3_ros2/src/orb_slam3_ros2/install/orbslam3/share/orbslam3//config/stereo-inertial/RealSense_T265.yaml
-- Symlinking: /home/yechan/orb_slam3_ros2/src/orb_slam3_ros2/install/orbslam3/share/orbslam3//config/stereo-inertial/TUM-VI.yaml
-- Symlinking: /home/yechan/orb_slam3_ros2/src/orb_slam3_ros2/install/orbslam3/share/orbslam3//config/stereo-inertial/TUM-VI_far.yaml
-- Symlinking: /home/yechan/orb_slam3_ros2/src/orb_slam3_ros2/install/orbslam3/share/orbslam3//config/stereo-inertial/TUM_IMU/dataset-corridor1_512.txt
-- Symlinking: /home/yechan/orb_slam3_ros2/src/orb_slam3_ros2/install/orbslam3/share/orbslam3//config/stereo-inertial/TUM_IMU/dataset-corridor2_1024.txt
-- Symlinking: /home/yechan/orb_slam3_ros2/src/orb_slam3_ros2/install/orbslam3/share/orbslam3//config/stereo-inertial/TUM_IMU/dataset-corridor2_512.txt
-- Symlinking: /home/yechan/orb_slam3_ros2/src/orb_slam3_ros2/install/orbslam3/share/orbslam3//config/stereo-inertial/TUM_IMU/dataset-corridor3_512.txt
-- Symlinking: /home/yechan/orb_slam3_ros2/src/orb_slam3_ros2/install/orbslam3/share/orbslam3//config/stereo-inertial/TUM_IMU/dataset-corridor4_512.txt
-- Symlinking: /home/yechan/orb_slam3_ros2/src/orb_slam3_ros2/install/orbslam3/share/orbslam3//config/stereo-inertial/TUM_IMU/dataset-corridor5_512.txt
-- Symlinking: /home/yechan/orb_slam3_ros2/src/orb_slam3_ros2/install/orbslam3/share/orbslam3//config/stereo-inertial/TUM_IMU/dataset-magistrale1_512.txt
-- Symlinking: /home/yechan/orb_slam3_ros2/src/orb_slam3_ros2/install/orbslam3/share/orbslam3//config/stereo-inertial/TUM_IMU/dataset-magistrale2_512.txt
-- Symlinking: /home/yechan/orb_slam3_ros2/src/orb_slam3_ros2/install/orbslam3/share/orbslam3//config/stereo-inertial/TUM_IMU/dataset-magistrale3_512.txt
-- Symlinking: /home/yechan/orb_slam3_ros2/src/orb_slam3_ros2/install/orbslam3/share/orbslam3//config/stereo-inertial/TUM_IMU/dataset-magistrale4_512.txt
-- Symlinking: /home/yechan/orb_slam3_ros2/src/orb_slam3_ros2/install/orbslam3/share/orbslam3//config/stereo-inertial/TUM_IMU/dataset-magistrale5_512.txt
-- Symlinking: /home/yechan/orb_slam3_ros2/src/orb_slam3_ros2/install/orbslam3/share/orbslam3//config/stereo-inertial/TUM_IMU/dataset-magistrale6_512.txt
-- Symlinking: /home/yechan/orb_slam3_ros2/src/orb_slam3_ros2/install/orbslam3/share/orbslam3//config/stereo-inertial/TUM_IMU/dataset-outdoors1_512.txt
-- Symlinking: /home/yechan/orb_slam3_ros2/src/orb_slam3_ros2/install/orbslam3/share/orbslam3//config/stereo-inertial/TUM_IMU/dataset-outdoors2_512.txt
-- Symlinking: /home/yechan/orb_slam3_ros2/src/orb_slam3_ros2/install/orbslam3/share/orbslam3//config/stereo-inertial/TUM_IMU/dataset-outdoors3_512.txt
-- Symlinking: /home/yechan/orb_slam3_ros2/src/orb_slam3_ros2/install/orbslam3/share/orbslam3//config/stereo-inertial/TUM_IMU/dataset-outdoors4_512.txt
-- Symlinking: /home/yechan/orb_slam3_ros2/src/orb_slam3_ros2/install/orbslam3/share/orbslam3//config/stereo-inertial/TUM_IMU/dataset-outdoors5_512.txt
-- Symlinking: /home/yechan/orb_slam3_ros2/src/orb_slam3_ros2/install/orbslam3/share/orbslam3//config/stereo-inertial/TUM_IMU/dataset-outdoors6_512.txt
-- Symlinking: /home/yechan/orb_slam3_ros2/src/orb_slam3_ros2/install/orbslam3/share/orbslam3//config/stereo-inertial/TUM_IMU/dataset-outdoors7_512.txt
-- Symlinking: /home/yechan/orb_slam3_ros2/src/orb_slam3_ros2/install/orbslam3/share/orbslam3//config/stereo-inertial/TUM_IMU/dataset-outdoors8_512.txt
-- Symlinking: /home/yechan/orb_slam3_ros2/src/orb_slam3_ros2/install/orbslam3/share/orbslam3//config/stereo-inertial/TUM_IMU/dataset-room1_512.txt
-- Symlinking: /home/yechan/orb_slam3_ros2/src/orb_slam3_ros2/install/orbslam3/share/orbslam3//config/stereo-inertial/TUM_IMU/dataset-room2_512.txt
-- Symlinking: /home/yechan/orb_slam3_ros2/src/orb_slam3_ros2/install/orbslam3/share/orbslam3//config/stereo-inertial/TUM_IMU/dataset-room3_512.txt
-- Symlinking: /home/yechan/orb_slam3_ros2/src/orb_slam3_ros2/install/orbslam3/share/orbslam3//config/stereo-inertial/TUM_IMU/dataset-room4_512.txt
-- Symlinking: /home/yechan/orb_slam3_ros2/src/orb_slam3_ros2/install/orbslam3/share/orbslam3//config/stereo-inertial/TUM_IMU/dataset-room5_512.txt
-- Symlinking: /home/yechan/orb_slam3_ros2/src/orb_slam3_ros2/install/orbslam3/share/orbslam3//config/stereo-inertial/TUM_IMU/dataset-room6_512.txt
-- Symlinking: /home/yechan/orb_slam3_ros2/src/orb_slam3_ros2/install/orbslam3/share/orbslam3//config/stereo-inertial/TUM_IMU/dataset-slides1_512.txt
-- Symlinking: /home/yechan/orb_slam3_ros2/src/orb_slam3_ros2/install/orbslam3/share/orbslam3//config/stereo-inertial/TUM_IMU/dataset-slides2_512.txt
-- Symlinking: /home/yechan/orb_slam3_ros2/src/orb_slam3_ros2/install/orbslam3/share/orbslam3//config/stereo-inertial/TUM_IMU/dataset-slides3_512.txt
-- Symlinking: /home/yechan/orb_slam3_ros2/src/orb_slam3_ros2/install/orbslam3/share/orbslam3//config/stereo-inertial/TUM_TimeStamps/dataset-corridor1_512.txt
-- Symlinking: /home/yechan/orb_slam3_ros2/src/orb_slam3_ros2/install/orbslam3/share/orbslam3//config/stereo-inertial/TUM_TimeStamps/dataset-corridor2_1024.txt
-- Symlinking: /home/yechan/orb_slam3_ros2/src/orb_slam3_ros2/install/orbslam3/share/orbslam3//config/stereo-inertial/TUM_TimeStamps/dataset-corridor2_512.txt
-- Symlinking: /home/yechan/orb_slam3_ros2/src/orb_slam3_ros2/install/orbslam3/share/orbslam3//config/stereo-inertial/TUM_TimeStamps/dataset-corridor3_512.txt
-- Symlinking: /home/yechan/orb_slam3_ros2/src/orb_slam3_ros2/install/orbslam3/share/orbslam3//config/stereo-inertial/TUM_TimeStamps/dataset-corridor4_512.txt
-- Symlinking: /home/yechan/orb_slam3_ros2/src/orb_slam3_ros2/install/orbslam3/share/orbslam3//config/stereo-inertial/TUM_TimeStamps/dataset-corridor5_512.txt
-- Symlinking: /home/yechan/orb_slam3_ros2/src/orb_slam3_ros2/install/orbslam3/share/orbslam3//config/stereo-inertial/TUM_TimeStamps/dataset-magistrale1_512.txt
-- Symlinking: /home/yechan/orb_slam3_ros2/src/orb_slam3_ros2/install/orbslam3/share/orbslam3//config/stereo-inertial/TUM_TimeStamps/dataset-magistrale2_512.txt
-- Symlinking: /home/yechan/orb_slam3_ros2/src/orb_slam3_ros2/install/orbslam3/share/orbslam3//config/stereo-inertial/TUM_TimeStamps/dataset-magistrale3_512.txt
-- Symlinking: /home/yechan/orb_slam3_ros2/src/orb_slam3_ros2/install/orbslam3/share/orbslam3//config/stereo-inertial/TUM_TimeStamps/dataset-magistrale4_512.txt
-- Symlinking: /home/yechan/orb_slam3_ros2/src/orb_slam3_ros2/install/orbslam3/share/orbslam3//config/stereo-inertial/TUM_TimeStamps/dataset-magistrale5_512.txt
-- Symlinking: /home/yechan/orb_slam3_ros2/src/orb_slam3_ros2/install/orbslam3/share/orbslam3//config/stereo-inertial/TUM_TimeStamps/dataset-magistrale6_512.txt
-- Symlinking: /home/yechan/orb_slam3_ros2/src/orb_slam3_ros2/install/orbslam3/share/orbslam3//config/stereo-inertial/TUM_TimeStamps/dataset-outdoors1_512.txt
-- Symlinking: /home/yechan/orb_slam3_ros2/src/orb_slam3_ros2/install/orbslam3/share/orbslam3//config/stereo-inertial/TUM_TimeStamps/dataset-outdoors2_512.txt
-- Symlinking: /home/yechan/orb_slam3_ros2/src/orb_slam3_ros2/install/orbslam3/share/orbslam3//config/stereo-inertial/TUM_TimeStamps/dataset-outdoors3_512.txt
-- Symlinking: /home/yechan/orb_slam3_ros2/src/orb_slam3_ros2/install/orbslam3/share/orbslam3//config/stereo-inertial/TUM_TimeStamps/dataset-outdoors4_512.txt
-- Symlinking: /home/yechan/orb_slam3_ros2/src/orb_slam3_ros2/install/orbslam3/share/orbslam3//config/stereo-inertial/TUM_TimeStamps/dataset-outdoors5_512.txt
-- Symlinking: /home/yechan/orb_slam3_ros2/src/orb_slam3_ros2/install/orbslam3/share/orbslam3//config/stereo-inertial/TUM_TimeStamps/dataset-outdoors6_512.txt
-- Symlinking: /home/yechan/orb_slam3_ros2/src/orb_slam3_ros2/install/orbslam3/share/orbslam3//config/stereo-inertial/TUM_TimeStamps/dataset-outdoors7_512.txt
-- Symlinking: /home/yechan/orb_slam3_ros2/src/orb_slam3_ros2/install/orbslam3/share/orbslam3//config/stereo-inertial/TUM_TimeStamps/dataset-outdoors8_512.txt
-- Symlinking: /home/yechan/orb_slam3_ros2/src/orb_slam3_ros2/install/orbslam3/share/orbslam3//config/stereo-inertial/TUM_TimeStamps/dataset-room1_512.txt
-- Symlinking: /home/yechan/orb_slam3_ros2/src/orb_slam3_ros2/install/orbslam3/share/orbslam3//config/stereo-inertial/TUM_TimeStamps/dataset-room2_512.txt
-- Symlinking: /home/yechan/orb_slam3_ros2/src/orb_slam3_ros2/install/orbslam3/share/orbslam3//config/stereo-inertial/TUM_TimeStamps/dataset-room3_512.txt
-- Symlinking: /home/yechan/orb_slam3_ros2/src/orb_slam3_ros2/install/orbslam3/share/orbslam3//config/stereo-inertial/TUM_TimeStamps/dataset-room4_512.txt
-- Symlinking: /home/yechan/orb_slam3_ros2/src/orb_slam3_ros2/install/orbslam3/share/orbslam3//config/stereo-inertial/TUM_TimeStamps/dataset-room5_512.txt
-- Symlinking: /home/yechan/orb_slam3_ros2/src/orb_slam3_ros2/install/orbslam3/share/orbslam3//config/stereo-inertial/TUM_TimeStamps/dataset-room6_512.txt
-- Symlinking: /home/yechan/orb_slam3_ros2/src/orb_slam3_ros2/install/orbslam3/share/orbslam3//config/stereo-inertial/TUM_TimeStamps/dataset-slides1_512.txt
-- Symlinking: /home/yechan/orb_slam3_ros2/src/orb_slam3_ros2/install/orbslam3/share/orbslam3//config/stereo-inertial/TUM_TimeStamps/dataset-slides2_512.txt
-- Symlinking: /home/yechan/orb_slam3_ros2/src/orb_slam3_ros2/install/orbslam3/share/orbslam3//config/stereo-inertial/TUM_TimeStamps/dataset-slides3_512.txt
-- Symlinking: /home/yechan/orb_slam3_ros2/src/orb_slam3_ros2/install/orbslam3/share/orbslam3//config/stereo-inertial/zed.yaml
-- Symlinking: /home/yechan/orb_slam3_ros2/src/orb_slam3_ros2/install/orbslam3/share/orbslam3//config/stereo-slam.yaml
-- Symlinking: /home/yechan/orb_slam3_ros2/src/orb_slam3_ros2/install/orbslam3/share/orbslam3//config/stereo-slam_d435i.yaml
-- Symlinking: /home/yechan/orb_slam3_ros2/src/orb_slam3_ros2/install/orbslam3/share/orbslam3//config/stereo-slam_d455.yaml
-- Symlinking: /home/yechan/orb_slam3_ros2/src/orb_slam3_ros2/install/orbslam3/share/orbslam3//config/stereo/EuRoC.yaml
-- Symlinking: /home/yechan/orb_slam3_ros2/src/orb_slam3_ros2/install/orbslam3/share/orbslam3//config/stereo/EuRoC_TimeStamps/MH01.txt
-- Symlinking: /home/yechan/orb_slam3_ros2/src/orb_slam3_ros2/install/orbslam3/share/orbslam3//config/stereo/EuRoC_TimeStamps/MH02.txt
-- Symlinking: /home/yechan/orb_slam3_ros2/src/orb_slam3_ros2/install/orbslam3/share/orbslam3//config/stereo/EuRoC_TimeStamps/MH03.txt
-- Symlinking: /home/yechan/orb_slam3_ros2/src/orb_slam3_ros2/install/orbslam3/share/orbslam3//config/stereo/EuRoC_TimeStamps/MH04.txt
-- Symlinking: /home/yechan/orb_slam3_ros2/src/orb_slam3_ros2/install/orbslam3/share/orbslam3//config/stereo/EuRoC_TimeStamps/MH05.txt
-- Symlinking: /home/yechan/orb_slam3_ros2/src/orb_slam3_ros2/install/orbslam3/share/orbslam3//config/stereo/EuRoC_TimeStamps/V101.txt
-- Symlinking: /home/yechan/orb_slam3_ros2/src/orb_slam3_ros2/install/orbslam3/share/orbslam3//config/stereo/EuRoC_TimeStamps/V102.txt
-- Symlinking: /home/yechan/orb_slam3_ros2/src/orb_slam3_ros2/install/orbslam3/share/orbslam3//config/stereo/EuRoC_TimeStamps/V103.txt
-- Symlinking: /home/yechan/orb_slam3_ros2/src/orb_slam3_ros2/install/orbslam3/share/orbslam3//config/stereo/EuRoC_TimeStamps/V201.txt
-- Symlinking: /home/yechan/orb_slam3_ros2/src/orb_slam3_ros2/install/orbslam3/share/orbslam3//config/stereo/EuRoC_TimeStamps/V202.txt
-- Symlinking: /home/yechan/orb_slam3_ros2/src/orb_slam3_ros2/install/orbslam3/share/orbslam3//config/stereo/EuRoC_TimeStamps/V203.txt
-- Symlinking: /home/yechan/orb_slam3_ros2/src/orb_slam3_ros2/install/orbslam3/share/orbslam3//config/stereo/KITTI00-02.yaml
-- Symlinking: /home/yechan/orb_slam3_ros2/src/orb_slam3_ros2/install/orbslam3/share/orbslam3//config/stereo/KITTI03.yaml
-- Symlinking: /home/yechan/orb_slam3_ros2/src/orb_slam3_ros2/install/orbslam3/share/orbslam3//config/stereo/KITTI04-12.yaml
-- Symlinking: /home/yechan/orb_slam3_ros2/src/orb_slam3_ros2/install/orbslam3/share/orbslam3//config/stereo/MultiSession/EuRoC_MH01.yaml
-- Symlinking: /home/yechan/orb_slam3_ros2/src/orb_slam3_ros2/install/orbslam3/share/orbslam3//config/stereo/MultiSession/EuRoC_MH02.yaml
-- Symlinking: /home/yechan/orb_slam3_ros2/src/orb_slam3_ros2/install/orbslam3/share/orbslam3//config/stereo/MultiSession/EuRoC_MH03.yaml
-- Symlinking: /home/yechan/orb_slam3_ros2/src/orb_slam3_ros2/install/orbslam3/share/orbslam3//config/stereo/MultiSession/EuRoC_MH04.yaml
-- Symlinking: /home/yechan/orb_slam3_ros2/src/orb_slam3_ros2/install/orbslam3/share/orbslam3//config/stereo/MultiSession/EuRoC_MH05.yaml
-- Symlinking: /home/yechan/orb_slam3_ros2/src/orb_slam3_ros2/install/orbslam3/share/orbslam3//config/stereo/MultiSession/EuRoC_V101.yaml
-- Symlinking: /home/yechan/orb_slam3_ros2/src/orb_slam3_ros2/install/orbslam3/share/orbslam3//config/stereo/MultiSession/EuRoC_V102.yaml
-- Symlinking: /home/yechan/orb_slam3_ros2/src/orb_slam3_ros2/install/orbslam3/share/orbslam3//config/stereo/MultiSession/EuRoC_V103.yaml
-- Symlinking: /home/yechan/orb_slam3_ros2/src/orb_slam3_ros2/install/orbslam3/share/orbslam3//config/stereo/MultiSession/EuRoC_V201.yaml
-- Symlinking: /home/yechan/orb_slam3_ros2/src/orb_slam3_ros2/install/orbslam3/share/orbslam3//config/stereo/MultiSession/EuRoC_V202.yaml
-- Symlinking: /home/yechan/orb_slam3_ros2/src/orb_slam3_ros2/install/orbslam3/share/orbslam3//config/stereo/MultiSession/EuRoC_V203.yaml
-- Symlinking: /home/yechan/orb_slam3_ros2/src/orb_slam3_ros2/install/orbslam3/share/orbslam3//config/stereo/RealSense_D435i.yaml
-- Symlinking: /home/yechan/orb_slam3_ros2/src/orb_slam3_ros2/install/orbslam3/share/orbslam3//config/stereo/RealSense_D455.yaml
-- Symlinking: /home/yechan/orb_slam3_ros2/src/orb_slam3_ros2/install/orbslam3/share/orbslam3//config/stereo/RealSense_T265.yaml
-- Symlinking: /home/yechan/orb_slam3_ros2/src/orb_slam3_ros2/install/orbslam3/share/orbslam3//config/stereo/TUM-VI.yaml
-- Symlinking: /home/yechan/orb_slam3_ros2/src/orb_slam3_ros2/install/orbslam3/share/orbslam3//config/stereo/TUM_TimeStamps/dataset-corridor1_512.txt
-- Symlinking: /home/yechan/orb_slam3_ros2/src/orb_slam3_ros2/install/orbslam3/share/orbslam3//config/stereo/TUM_TimeStamps/dataset-corridor2_1024.txt
-- Symlinking: /home/yechan/orb_slam3_ros2/src/orb_slam3_ros2/install/orbslam3/share/orbslam3//config/stereo/TUM_TimeStamps/dataset-corridor2_512.txt
-- Symlinking: /home/yechan/orb_slam3_ros2/src/orb_slam3_ros2/install/orbslam3/share/orbslam3//config/stereo/TUM_TimeStamps/dataset-corridor3_512.txt
-- Symlinking: /home/yechan/orb_slam3_ros2/src/orb_slam3_ros2/install/orbslam3/share/orbslam3//config/stereo/TUM_TimeStamps/dataset-corridor4_512.txt
-- Symlinking: /home/yechan/orb_slam3_ros2/src/orb_slam3_ros2/install/orbslam3/share/orbslam3//config/stereo/TUM_TimeStamps/dataset-corridor5_512.txt
-- Symlinking: /home/yechan/orb_slam3_ros2/src/orb_slam3_ros2/install/orbslam3/share/orbslam3//config/stereo/TUM_TimeStamps/dataset-magistrale1_512.txt
-- Symlinking: /home/yechan/orb_slam3_ros2/src/orb_slam3_ros2/install/orbslam3/share/orbslam3//config/stereo/TUM_TimeStamps/dataset-magistrale2_512.txt
-- Symlinking: /home/yechan/orb_slam3_ros2/src/orb_slam3_ros2/install/orbslam3/share/orbslam3//config/stereo/TUM_TimeStamps/dataset-magistrale3_512.txt
-- Symlinking: /home/yechan/orb_slam3_ros2/src/orb_slam3_ros2/install/orbslam3/share/orbslam3//config/stereo/TUM_TimeStamps/dataset-magistrale4_512.txt
-- Symlinking: /home/yechan/orb_slam3_ros2/src/orb_slam3_ros2/install/orbslam3/share/orbslam3//config/stereo/TUM_TimeStamps/dataset-magistrale5_512.txt
-- Symlinking: /home/yechan/orb_slam3_ros2/src/orb_slam3_ros2/install/orbslam3/share/orbslam3//config/stereo/TUM_TimeStamps/dataset-magistrale6_512.txt
-- Symlinking: /home/yechan/orb_slam3_ros2/src/orb_slam3_ros2/install/orbslam3/share/orbslam3//config/stereo/TUM_TimeStamps/dataset-outdoors1_512.txt
-- Symlinking: /home/yechan/orb_slam3_ros2/src/orb_slam3_ros2/install/orbslam3/share/orbslam3//config/stereo/TUM_TimeStamps/dataset-outdoors2_512.txt
-- Symlinking: /home/yechan/orb_slam3_ros2/src/orb_slam3_ros2/install/orbslam3/share/orbslam3//config/stereo/TUM_TimeStamps/dataset-outdoors3_512.txt
-- Symlinking: /home/yechan/orb_slam3_ros2/src/orb_slam3_ros2/install/orbslam3/share/orbslam3//config/stereo/TUM_TimeStamps/dataset-outdoors4_512.txt
-- Symlinking: /home/yechan/orb_slam3_ros2/src/orb_slam3_ros2/install/orbslam3/share/orbslam3//config/stereo/TUM_TimeStamps/dataset-outdoors5_512.txt
-- Symlinking: /home/yechan/orb_slam3_ros2/src/orb_slam3_ros2/install/orbslam3/share/orbslam3//config/stereo/TUM_TimeStamps/dataset-outdoors6_512.txt
-- Symlinking: /home/yechan/orb_slam3_ros2/src/orb_slam3_ros2/install/orbslam3/share/orbslam3//config/stereo/TUM_TimeStamps/dataset-outdoors7_512.txt
-- Symlinking: /home/yechan/orb_slam3_ros2/src/orb_slam3_ros2/install/orbslam3/share/orbslam3//config/stereo/TUM_TimeStamps/dataset-outdoors8_512.txt
-- Symlinking: /home/yechan/orb_slam3_ros2/src/orb_slam3_ros2/install/orbslam3/share/orbslam3//config/stereo/TUM_TimeStamps/dataset-room1_512.txt
-- Symlinking: /home/yechan/orb_slam3_ros2/src/orb_slam3_ros2/install/orbslam3/share/orbslam3//config/stereo/TUM_TimeStamps/dataset-room2_512.txt
-- Symlinking: /home/yechan/orb_slam3_ros2/src/orb_slam3_ros2/install/orbslam3/share/orbslam3//config/stereo/TUM_TimeStamps/dataset-room3_512.txt
-- Symlinking: /home/yechan/orb_slam3_ros2/src/orb_slam3_ros2/install/orbslam3/share/orbslam3//config/stereo/TUM_TimeStamps/dataset-room4_512.txt
-- Symlinking: /home/yechan/orb_slam3_ros2/src/orb_slam3_ros2/install/orbslam3/share/orbslam3//config/stereo/TUM_TimeStamps/dataset-room5_512.txt
-- Symlinking: /home/yechan/orb_slam3_ros2/src/orb_slam3_ros2/install/orbslam3/share/orbslam3//config/stereo/TUM_TimeStamps/dataset-room6_512.txt
-- Symlinking: /home/yechan/orb_slam3_ros2/src/orb_slam3_ros2/install/orbslam3/share/orbslam3//config/stereo/TUM_TimeStamps/dataset-slides1_512.txt
-- Symlinking: /home/yechan/orb_slam3_ros2/src/orb_slam3_ros2/install/orbslam3/share/orbslam3//config/stereo/TUM_TimeStamps/dataset-slides2_512.txt
-- Symlinking: /home/yechan/orb_slam3_ros2/src/orb_slam3_ros2/install/orbslam3/share/orbslam3//config/stereo/TUM_TimeStamps/dataset-slides3_512.txt
-- Symlinking: /home/yechan/orb_slam3_ros2/src/orb_slam3_ros2/install/orbslam3/share/orbslam3//config/zed-stereo-inertial-slam.yaml
-- Symlinking: /home/yechan/orb_slam3_ros2/src/orb_slam3_ros2/install/orbslam3/share/orbslam3//vocabulary/ORBvoc.txt
-- Symlinking: /home/yechan/orb_slam3_ros2/src/orb_slam3_ros2/install/orbslam3/share/orbslam3//vocabulary/ORBvoc.txt.tar.gz
-- Symlinking: /home/yechan/orb_slam3_ros2/src/orb_slam3_ros2/install/orbslam3/share/orbslam3//launch/start_d455_w_ekf.launch.py
-- Symlinking: /home/yechan/orb_slam3_ros2/src/orb_slam3_ros2/install/orbslam3/share/orbslam3//launch/stereo_d435i.launch.yaml
-- Symlinking: /home/yechan/orb_slam3_ros2/src/orb_slam3_ros2/install/orbslam3/share/orbslam3//launch/stereo_d455.launch.yaml
-- Symlinking: /home/yechan/orb_slam3_ros2/src/orb_slam3_ros2/install/orbslam3/share/orbslam3//launch/stereo_inertial_d435i.launch.yaml
-- Symlinking: /home/yechan/orb_slam3_ros2/src/orb_slam3_ros2/install/orbslam3/share/orbslam3//launch/stereo_inertial_d455.launch.yaml
-- Symlinking: /home/yechan/orb_slam3_ros2/src/orb_slam3_ros2/install/orbslam3/share/orbslam3//launch/stereo_inertial_t265.launch.yaml
-- Symlinking: /home/yechan/orb_slam3_ros2/src/orb_slam3_ros2/install/orbslam3/share/orbslam3//launch/stereo_t265.launch.yaml
-- Symlinking: /home/yechan/orb_slam3_ros2/src/orb_slam3_ros2/install/orbslam3/share/orbslam3//launch/zed_stereo_inertial.launch.py
-- Symlinking: /home/yechan/orb_slam3_ros2/src/orb_slam3_ros2/install/orbslam3/share/orbslam3//launch/zed_stereo_inertial.launch.yaml
-- Symlinking: /home/yechan/orb_slam3_ros2/src/orb_slam3_ros2/install/orbslam3/share/ament_index/resource_index/package_run_dependencies/orbslam3
-- Symlinking: /home/yechan/orb_slam3_ros2/src/orb_slam3_ros2/install/orbslam3/share/ament_index/resource_index/parent_prefix_path/orbslam3
-- Symlinking: /home/yechan/orb_slam3_ros2/src/orb_slam3_ros2/install/orbslam3/share/orbslam3/environment/ament_prefix_path.sh
-- Symlinking: /home/yechan/orb_slam3_ros2/src/orb_slam3_ros2/install/orbslam3/share/orbslam3/environment/ament_prefix_path.dsv
-- Symlinking: /home/yechan/orb_slam3_ros2/src/orb_slam3_ros2/install/orbslam3/share/orbslam3/environment/path.sh
-- Symlinking: /home/yechan/orb_slam3_ros2/src/orb_slam3_ros2/install/orbslam3/share/orbslam3/environment/path.dsv
-- Symlinking: /home/yechan/orb_slam3_ros2/src/orb_slam3_ros2/install/orbslam3/share/orbslam3/local_setup.bash
-- Symlinking: /home/yechan/orb_slam3_ros2/src/orb_slam3_ros2/install/orbslam3/share/orbslam3/local_setup.sh
-- Symlinking: /home/yechan/orb_slam3_ros2/src/orb_slam3_ros2/install/orbslam3/share/orbslam3/local_setup.zsh
-- Symlinking: /home/yechan/orb_slam3_ros2/src/orb_slam3_ros2/install/orbslam3/share/orbslam3/local_setup.dsv
-- Symlinking: /home/yechan/orb_slam3_ros2/src/orb_slam3_ros2/install/orbslam3/share/orbslam3/package.dsv
-- Symlinking: /home/yechan/orb_slam3_ros2/src/orb_slam3_ros2/install/orbslam3/share/ament_index/resource_index/packages/orbslam3
-- Symlinking: /home/yechan/orb_slam3_ros2/src/orb_slam3_ros2/install/orbslam3/share/orbslam3/cmake/orbslam3Config.cmake
-- Symlinking: /home/yechan/orb_slam3_ros2/src/orb_slam3_ros2/install/orbslam3/share/orbslam3/cmake/orbslam3Config-version.cmake
-- Symlinking: /home/yechan/orb_slam3_ros2/src/orb_slam3_ros2/install/orbslam3/share/orbslam3/package.xml
